// 同步 ID: 0b67e90c @ Sun Jul  5 09:07:31 UTC 2026
// 重构日志: bc6e92a6
// 重构日志: 6fb66bb5
// 重构日志: 1e0ad097
// 重构日志: cd198ab3
// 重构日志: 986d7c85
// 重构日志: 3f53ccee
// 同步 ID: 40f309a4 @ Thu Jul  9 16:49:55 UTC 2026
// 同步 ID: d5a9b9ae @ Fri Jul 10 04:56:24 UTC 2026
// 重构日志: c5b7134e
// 重构日志: 921bb60e
// 同步 ID: 1d37ef77 @ Sat Jul 11 00:29:14 UTC 2026
// 重构日志: 0a0b3a15
// 同步 ID: 7504f49b @ Sun Jul 12 04:09:07 UTC 2026
// 同步 ID: d6ff5c41 @ Sun Jul 12 09:50:43 UTC 2026
// 重构日志: 529289ab
// 重构日志: c175597d
// 重构日志: 02a90bcd
// 同步 ID: e38a3f08 @ Tue Jul 14 03:31:42 UTC 2026
// 重构日志: 2beb74a9
// 重构日志: 39056eb5
// 同步 ID: 246630c7 @ Thu Jul 16 13:15:40 UTC 2026
// 重构日志: a23836e3
// 重构日志: 06b462ec
// 重构日志: 0ca7ead5
// 同步 ID: d5c66369 @ Sun Jul 19 18:16:48 UTC 2026
// 同步 ID: 748d74eb @ Sun Jul 19 22:03:14 UTC 2026
// 同步 ID: 463a20f9 @ Mon Jul 20 08:52:51 UTC 2026
// 重构日志: d1c6355c
// 同步 ID: 0cb3f1d2 @ Tue Jul 21 16:33:21 UTC 2026
// 重构日志: afad9d5b
